
--- NEW SESSION: 24/02/2021 14:55:33 ---
/Simulation/Trunk/cableL0/cable.force = 3.81331
/Simulation/Trunk/cableL0/cable.displacement = 1.94516e-08
/Simulation/Trunk/cableL0/cable.color = 0.4 0.4 0.4 1
/Simulation/Trunk/cableL0.time = 16.34

--- NEW SESSION: 25/02/2021 11:28:19 ---
//camera.position = 300 0 80
//camera.orientation = 0 0.707107 0 0.707107
//camera.lookAt = 0 0 80
//camera.zNear = 4.95936
//camera.zFar = 439.667

--- NEW SESSION: 16/05/2024 18:40:12 ---
/Goal/GoalMO.showColor = 0 1 0 1

--- NEW SESSION: 20/05/2024 12:10:15 ---
/Simulation/Trunk/VisualModel/BarycentricMapping/unnamed.map = 1135 5.55112e-17 1 5.55112e-17
 989 2.77556e-17 1 2.77556e-17
 1426 -7.45931e-17 1 -1.11022e-16
 1123 1 5.55112e-17 0
 465 1 1.52656e-16 2.77556e-17
 411 1 2.77556e-17 2.1684e-19
 344 0 -2.77556e-17 1
 1607 0 0 -0
 1707 5.55112e-17 5.55112e-17 1
 1142 -2.64274e-19 1 0
 1473 0 1 0
 1480 1 7.81633e-17 4.11269e-17
 322 0 1 0
 521 0 0 0
 933 1 0 0
 1359 0 1 0
 1635 0 5.55112e-17 1
 635 1.38778e-17 -1.11022e-16 1
 51 0 0 0
 872 1 0 0
 1214 1.30104e-18 5.55112e-17 1
 1351 5.55112e-17 1 0
 336 1 1.11022e-16 0
 71 1 0 2.1684e-19
 838 0 1 0
 1576 -0 0 0
 472 3.58769e-18 1 3.98879e-17
 90 0 0 -0
 68 1 0 0
 151 1 4.33681e-19 5.55112e-17
 519 0 0 0
 451 0 1 0
 900 2.77556e-17 1 0
 371 0 1 1.38778e-17
 1117 0 0 0
 660 0 1 0
 1030 1 4.77124e-17 1.3202e-16
 618 0 1 0
 827 0 0 0
 1121 5.55112e-17 1 0
 902 0 0 0
 1072 1 5.55112e-17 0
 1412 0 1 0
 1561 0 0 0
 1425 1 1.01154e-17 2.16817e-17
 1723 0 1 6.93889e-18
 1167 0 0 -0
 1556 0 1 1.38778e-17
 1295 0 0 -0
 1739 1 2.77556e-17 0
 1678 0 0 0
 1382 0 0 0
 610 0 4.16334e-17 1
 1175 0 0 -0
 1671 0 0 -0
 599 1 0 7.63278e-17
 1401 5.55112e-17 2.77556e-17 1
 1191 1 0 2.77556e-17
 904 0 0 0
 1362 5.55112e-17 1 1.38778e-17
 1230 5.9848e-17 1 0
 696 5.55112e-17 1 2.77556e-17
 1308 0 1 -2.77556e-17
 1441 0 0 0
 1424 0 0 0
 843 0 0 0
 1467 0 1 0
 1075 0 0 0
 1319 1 1.38778e-17 1.38778e-17
 1134 2.77556e-17 1 0
 1316 0 0 0
 1750 0 1 -2.77556e-17
 733 0 0 0
 1584 0 0 0
 1565 0 1 0
 1694 7.11237e-17 -5.55112e-17 1
 946 0 0 0
 627 0 0 0
 332 0 -0 0
 442 4.16334e-17 1 5.55112e-17
 515 0 0 0
 306 0 0 0
 616 1 1.11022e-16 2.77556e-17
 199 0 0 0
 156 0 0 0
 1570 0 0 0
 487 0 1 1.11022e-16
 1345 0 1 -4.16334e-17
 879 1 1.9082e-17 0
 210 0 0 0
 1859 0 0 0
 753 -9.71445e-17 1 5.55112e-17
 1932 -1.11022e-16 0 1
 1679 -5.55112e-17 2.77556e-17 1
 1283 0 -8.32667e-17 1
 1346 1 5.55112e-17 5.20417e-18
 1455 0 1 0
 887 5.55112e-17 1 1.04083e-17
 44 0 0 0
 1017 2.77556e-17 1 2.77556e-17
 1835 0 0 0
 1668 2.77556e-17 1 0
 573 0 0 1
 596 0 0 0
 1608 0 1 4.16334e-17
 1550 0 0 0
 440 5.55112e-17 1 2.77556e-17
 1031 0 0 0
 1409 1 0 2.77556e-17
 587 5.55112e-17 1 0
 392 -0 0 0
 315 0 0 0
 1937 1.04083e-16 0 1
 1246 0 0 -0
 1767 0 1 0
 963 1.11022e-16 1 5.55112e-17
 1793 0 0 0
 1797 0 0 0
 1787 0 0 1
 1787 0 0 0
 1453 0 0 0
 1749 0 0 0
 1416 1 0 0
 1833 5.55112e-17 -1.51788e-17 1
 1647 0 -0 0
 685 0 1 1.11022e-16
 895 0 0 -0
 580 0 -0 0
 688 1.11022e-16 1 -3.81639e-17
 183 0 0 -0
 221 1 0 1.11022e-16
 1305 1 0 0
 1451 0 0 0
 964 0 0 0
 1513 0 1 2.77556e-17
 1067 0 0 0
 148 0 0 -0
 467 0 0 0
 349 0 0 0
 415 0 0 0
 232 0 -0 0
 233 0 0 0
 1336 -0 0 0
 1404 0 0 0
 664 0 -0 0
 1083 0 1 2.77556e-17
 1534 5.55112e-17 1 5.55112e-17
 1439 0 0 0
 932 1 0 0
 905 0 5.55112e-17 1
 1781 0 -0 0
 75 -0 0 0
 545 -0 0 0
 1266 1 5.55112e-17 0
 1769 0 0 -0
 1446 2.77556e-17 1 0
 1446 0 0 0
 1796 0 1 2.77556e-17
 911 0 1 0
 268 0 0 0
 1118 -2.77556e-17 1 0
 1158 0 0 0
 155 2.77556e-17 1 0
 230 0 1 0
 202 0 0 0
 303 0 0 0
 470 0 0 0
 1564 0 0 0
 1533 0 0 0
 1039 0 1 0
 1839 1 1.11022e-16 2.77556e-17
 915 1 0 0
 988 0 0 0
 305 0 0 0
 1808 0 -1.38778e-17 1
 516 0 0 0
 499 0 -0 0
 890 0 0 -0
 534 0 0 0
 928 0 0 -0
 1880 0 0 1
 1776 0 0 0
 1638 1.11022e-16 1 5.55112e-17
 1202 1 0 0
 1526 0 0 1
 1106 0 0 0
 41 0 -0 0
 72 1 0 0
 64 -0 0 0
 45 0 0 0
 108 0 -0 0
 815 1 1.11022e-16 9.71445e-17
 500 1 0 0
 1389 0 0 1
 1967 2.77556e-17 1 5.55112e-17
 1897 1.45717e-16 1 0
 1385 1 0 5.55112e-17
 1878 1.38778e-16 1 1.11022e-16
 1504 -0 0 0
 713 -0 0 0
 816 0 0 0
 130 0 0 -0
 1624 0 -0 -0
 571 0 1 2.08167e-17
 594 0 0 0
 934 0 0 1
 438 4.33681e-18 1 0
 803 0 0 0
 229 -0 0 0
 304 0 0 -0
 69 0 0 -0
 56 0 -0 0
 80 1 2.77556e-17 2.77556e-17
 23 0 0 0
 104 1 1.66533e-16 0
 1003 0 1 2.08167e-17
 455 1 5.55112e-17 2.77556e-17
 623 0 0 0
 520 0 1 2.77556e-17
 856 5.55112e-17 1 0
 185 0 1 4.16334e-17
 1026 -1.11022e-16 6.93889e-17 1
 174 0 0 0
 272 1 5.55112e-17 1.38778e-17
 136 1 0 0
 454 1 1.11022e-16 0
 117 0 0 0
 331 0 0 0
 1722 5.55112e-17 1 1.11022e-16
 181 0 0 0
 478 1.11022e-16 1 2.77556e-17
 675 5.55112e-17 1 1.38778e-17
 301 2.77556e-17 1 2.77556e-17
 423 0 1 0
 447 0 0 0
 548 1.25767e-17 1 5.85469e-18
 823 1.66533e-16 0 1
 548 1 8.32667e-17 5.55112e-17
 689 0 0 0
 570 0 0 0
 666 0 0 0
 993 1.11022e-16 1 1.38778e-17
 699 0 -0 0
 345 0 0 0
 164 1 0 2.08167e-17
 1053 1 1.3542e-18 3.7025e-17
 640 -0 0 0
 991 0 1 1.11022e-16
 1002 1 0 6.93889e-18
 876 0 -0 0
 835 0 0 0
 700 0 1 0
 1042 1 0 0
 496 0 0 0
 1938 2.77556e-17 1 5.55112e-17
 830 1 2.71051e-20 5.55112e-17
 868 1.11022e-16 1 1.38778e-17
 955 -0 0 0
 1037 1 0 0
 873 5.55112e-17 1 0
 1544 1 1.11022e-16 2.22045e-16
 684 2.77556e-17 1 2.77556e-17
 633 1 0 0
 1764 1.11022e-16 1 1.11022e-16
 1422 1 0 2.77556e-17
 1350 1 0 6.93889e-18
 1373 0 0 0
 1306 0 -0 0
 970 5.55112e-17 1 6.93889e-18
 1761 0 0 0
 1715 3.9443e-31 1 1.11022e-16
 1567 8.32667e-17 1 5.55112e-17
 1481 0 0 -0
 1372 0 -0 0
 1414 0 1 0
 1601 0 0 0
 1733 1 5.55112e-17 0
 1154 0 0 0
 1674 4.10971e-17 1.59446e-17 1
 1645 0 1 5.55112e-17
 1686 0 1 2.77556e-17
 1257 0 0 0
 1292 0 1 0
 1622 0 1 0
 1433 1 1.38778e-17 0
 1622 1 0 0
 1828 -1.16836e-16 1.00123e-17 1
 1711 0 -0 0
 1687 0 1 0
 1560 1 5.55112e-17 1.38778e-17
 1539 1 2.77556e-17 1.38778e-17
 312 0 0 0
 883 0 0 1
 883 0 0 0
 1574 1 0 0
 251 -0 0 0
 591 8.32667e-17 1 0
 997 0 0 0
 1698 1 1.11022e-16 6.93889e-18
 927 0 0 0
 1688 0 1 7.26415e-18
 588 0 0 0
 1185 0 0 -0
 1014 1 0 0
 484 0 0 0
 339 1 5.55112e-17 2.77556e-17
 999 0 0 0
 711 0 -0 0
 610 0 -0 0
 896 0 0 -0
 330 0 0 0
 1228 0 -0 0
 1166 1 1.11022e-16 0
 260 0 0 0
 1472 0 1 2.77556e-17
 1069 2.77556e-17 1 1.38778e-17
 426 0 1 0
 1059 2.77556e-17 1 2.08167e-17
 1360 1 2.42861e-17 2.77556e-17
 733 1.38778e-17 1 0
 579 0 0 0
 1224 2.77556e-17 1 0
 1695 0 0 0
 584 1 9.54098e-18 1.73472e-17
 515 2.77556e-17 1 2.08167e-17
 1007 1 2.22045e-16 5.55112e-17
 772 -0 0 0
 732 -0 0 0
 1179 1 8.67362e-18 2.08167e-17
 414 0 0 0
 567 0 0 0
 237 0 0 0
 237 1.0842e-17 1 3.46945e-18
 867 -0 0 0
 565 1 8.67362e-18 4.16334e-17
 957 1 6.93889e-18 2.77556e-17
 364 0 0 -0
 1070 1 0 2.77556e-17
 298 0 0 0
 339 0 0 -0
 1467 0 -0 0
 750 0 0 0
 281 -0 0 0
 616 6.85216e-17 1 0
 624 0 0 0
 173 0 1 1.11022e-16
 94 0 0 -0
 833 1 2.60209e-18 5.55112e-17
 7 0 0 -0
 630 0 0 0
 1144 0 0 0
 215 0 0 0
 753 1 1.38778e-17 2.77556e-17
 116 1 5.55112e-17 1.38778e-17
 1225 0 0 0
 492 0 0 -0
 837 0 0 0
 200 -0 0 0
 355 -0 0 0
 605 0 0 0
 693 0 -0 0
 129 0 -0 0
 833 0 0 -0
 764 1.38778e-17 1 1.38778e-17
 314 1 1.38778e-17 2.77556e-17
 729 0 0 0
 47 5.20417e-18 1 0
 242 0 0 0
 307 0 0 0
 1935 0 1.94289e-16 1
 171 -0 0 0
 1081 1 6.93889e-18 2.77556e-17
 440 1 8.67362e-18 0
 457 -0 0 0
 434 6.28837e-18 1 3.46945e-18
 16 0 0 0
 240 0 0 0
 1340 1.38778e-17 1 1.04083e-17
 547 0 0 0
 373 0 0 0
 166 0 -0 0
 1333 0 0 0
 866 -0 -0 0
 144 0 0 0
 505 0 0 -0
 575 0 0 -0
 20 0 0 -0
 1647 5.55112e-17 0 1
 1131 0 0 0
 1128 1 0 0
 638 0 0 -0
 116 0 0 0
 1141 0 -0 0
 865 1.11022e-16 1 1.11022e-16
 1131 1 1.38778e-17 4.16334e-17
 422 5.55112e-17 1 1.38778e-17
 899 0 1 0
 413 1 0 0
 1628 1 1.11022e-16 0
 866 1 0 0
 258 0 0 0
 634 0 -0 0
 46 0 -0 0
 617 0 1 1.38778e-17
 458 8.32667e-17 1 7.37257e-17
 845 0 0 0
 943 0 -0 0
 1470 0 0 -0
 191 0 0 0
 1271 1 1.38778e-17 3.03577e-18
 28 0 0 0
 280 0 0 0
 749 -0 0 0
 360 1 4.16334e-17 0
 1012 1 2.77556e-17 5.55112e-16
 1065 5.55112e-17 1 0
 1333 2.77556e-17 1 6.93889e-18
 471 -0 -0 0
 1089 0 0 0
 1249 0 -0 0
 460 0 0 0
 888 -0 0 0
 768 1.11022e-16 1 0
 38 1 1.0842e-19 2.71051e-19
 1331 1.11022e-16 1 6.93889e-17
 974 0 0 0
 1322 -0 0 0
 13 0 0 0
 19 0 0 0
 219 1.11022e-16 1 1.11022e-16
 38 0 0 0
 679 1 3.46945e-18 1.30104e-18
 679 0 0 0
 914 -0 0 0
 221 1.0842e-18 1.95156e-18 1
 929 1 0 0
 587 0 0 0
 360 0 0 0
 756 5.55112e-17 1 0
 892 0 0 0
 162 0 0 0
 437 0 0 0
 929 0 0 0
 659 1 0 0
 162 1 0 0
 162 2.77556e-17 1 0
 707 0 0 -0
 1339 0 0 0
 27 1 0 5.55112e-17
 279 0 0 0
 59 0 0 0
 1052 -0 0 0
 1307 1 1.11022e-16 5.55112e-17
 255 0 0 0
 1018 6.93889e-18 1 6.93889e-18
 654 -0 0 0
 554 -0 0 0
 349 0 1 1.04083e-16
 294 0 0 0
 290 1 8.32667e-17 2.77556e-17
 93 0 0 0
 1585 4.16334e-17 1 4.16334e-17
 232 0 1 0
 175 0 1 0
 61 0 0 -0
 1585 1 5.20417e-17 2.77556e-17
 769 1 0 0
 30 0 0 0
 119 1 0 0
 377 2.77556e-17 1 1.38778e-17
 318 0 0 0
 179 0 1 3.46945e-18
 891 0 0 0
 337 2.77556e-17 1 1.38778e-17
 956 0 0 0
 1150 3.75134e-17 1 2.77556e-17
 119 0 0 0
 949 0 1 1.11022e-16
 270 0 1 5.55112e-17
 1571 2.1684e-19 1 2.90498e-17
 1571 0 -0 0
 932 0 1 0
 0 1 1.11022e-16 0
 155 0 0 0
 337 1 0 0
 247 0 0 0
 903 0 0 0
 146 0 0 -0
 861 0 0 0
 9 0 0 0
 0 0 0 0
 241 1 1.38778e-17 0
 327 1 2.60209e-17 1.12757e-17
 297 1 1.73472e-17 1.11022e-16
 168 2.77556e-17 1 0
 506 1 2.77556e-17 0
 995 3.64292e-17 1 4.16334e-17
 89 1.11022e-16 1 0
 26 0 0 0
 6 0 0 0
 22 -0 0 0
 86 0 -0 0
 35 5.55112e-17 1 1.11022e-16
 1386 0 0 0
 123 0 0 -0
 988 2.22045e-16 1 0
 1101 1 1.11022e-16 0
 890 0 1 0
 746 0 1 0
 138 0 0 0
 439 1 9.97466e-18 4.42354e-17
 1297 0 0 0
 446 0 0 0
 78 1 0 0
 909 1 0 0
 1226 0 0 0
 1970 8.88178e-16 1 4.44089e-16
 1149 0 0 0
 387 0 0 0
 1106 1 1.11022e-16 2.77556e-17
 222 1.95156e-17 1 0
 1202 1.38778e-17 1 0
 49 1.11022e-16 1 0
 91 1 2.77556e-17 5.55112e-17
 396 0 0 0
 249 2.77556e-17 1 0
 87 -0 0 0
 1024 0 -0 0
 83 0 0 0
 121 0 0 0
 42 0 1 0
 15 1 0 1.38778e-17
 1690 4.16334e-17 1 2.77556e-17
 40 2.77556e-17 1 2.77556e-17
 1515 0 0 0
 1504 5.55112e-17 0 1
 965 0 0 0
 15 0 0 0
 1172 0 0 0
 180 0 1 0
 5 0 0 -0
 4 0 0 0
 32 1 1.73472e-18 1.25767e-17
 285 0 0 0
 1 0 1 1.11022e-16
 37 1 0 0
 83 1 2.77556e-17 5.55112e-17
 498 1 1.11022e-16 1.38778e-17
 1143 2.77556e-17 1 1.73472e-17
 762 0 0 0
 1105 0 1 5.05238e-17
 738 1 4.51028e-17 3.46945e-18
 220 1.66533e-16 1 2.77556e-17
 397 1 2.77556e-17 6.93889e-18
 107 0 0 0
 287 6.93889e-18 1 0
 983 1 2.22045e-16 1.11022e-16
 32 0 1 0
 1 0 0 -0
 128 -0 0 0
 43 2.77556e-17 1 2.77556e-17
 100 0 0 0
 128 1 1.73472e-17 1.38778e-17
 25 1.38778e-17 1 1.38778e-17
 14 0 0 0
 122 0 0 0
 185 0 0 0
 17 1 1.38778e-17 4.16334e-17
 288 0 0 0
 1509 1 5.55112e-17 2.77556e-17
 188 0 0 0
 97 0 0 0
 1406 1 2.77556e-17 5.55112e-17
 17 0 0 -0
 1242 0 0 0
 226 1 0 0
 10 0 1 0
 277 6.93889e-18 1 5.51588e-18
 275 1 5.55112e-17 0
 158 0 -0 0
 375 8.67362e-19 1 4.46962e-17
 856 2.1684e-17 1.36176e-16 1
 486 1.11022e-16 1 0
 113 0 0 0
 57 0 0 0
 126 1 6.93889e-18 3.46945e-18
 149 1 6.93889e-18 1.04083e-17
 158 1 5.55112e-17 1.11022e-16
 1838 1 5.55112e-17 2.77556e-17
 675 0 0 0
 12 0 -0 0
 10 0 -0 0
 79 -0 0 0
 82 0 1 0
 881 1 1.04083e-17 0
 501 1 2.08167e-17 4.85723e-17
 319 1 0 0
 450 0 0 0
 164 0 1.11022e-16 1
 289 0 0 0
 441 -0 0 0
 722 5.55112e-17 1 0
 301 0 0 0
 1538 1 1.11022e-16 2.77556e-17
 665 0 0 -0
 419 0 0 0
 590 0 0 0
 367 1 5.55112e-17 0
 737 0 0 0
 564 5.89806e-17 3.1225e-17 1
 702 -0 0 0
 930 1 0 0
 456 1 2.77556e-17 3.46945e-18
 164 0 0 0
 950 1 4.16334e-17 2.77556e-17
 367 0 0 0
 719 0 0 0
 1432 0 0 0
 1219 0 -0 0
 1076 1 0 8.32667e-17
 741 -0 0 0
 1037 0 0 0
 266 0 0 0
 827 1 5.55112e-17 2.77556e-17
 540 0 0 0
 562 1 5.55112e-17 2.77556e-17
 684 -0 0 0
 759 0 1 0
 1115 -0 0 0
 1350 1.38778e-17 1 0
 868 1 0 4.16334e-17
 1422 2.08167e-17 1 1.99493e-17
 784 0 1 0
 1568 1.30104e-17 1 1.11022e-16
 868 0 0 -0
 651 0 1 6.93889e-18
 633 0 -0 0
 1365 0 -0 -0
 1373 4.42354e-17 1 0
 1718 1.38778e-17 1 0
 1850 0 1 5.55112e-17
 1646 1.9082e-17 1 1.58294e-17
 1617 0 1 0
 1243 1.11022e-16 1 0
 1363 0 -0 0
 1498 0 0 0
 1127 1.73472e-18 1 6.93889e-18
 1127 0 0 -0
 1519 1 0 2.29851e-17
 1369 2.77556e-17 1 2.77556e-17
 821 0 0 0
 1667 0 0 0
 1341 0 0 0
 1711 1 0 4.16334e-17
 3 0 0 0
 366 0 0 0
 8 0 0 0
 206 1.38778e-17 1 0
 366 1.38778e-17 1 2.77556e-17
 1395 1.11022e-16 1 1.73472e-17
 1395 1 1.11022e-16 3.46945e-17
 1469 -0 0 0
 1488 1 0 0
 912 2.77556e-17 1 5.55112e-17
 94 5.55112e-17 1 0
 230 5.55112e-17 1.11022e-16 1
 691 1.04083e-17 2.08167e-17 1
 75 6.93889e-18 0 1
 59 1 0 1.11022e-16
 817 1 9.02056e-15 2.16493e-15
 1 1 0 1.11022e-16
 496 0 5.55112e-17 1
 1708 2.77556e-17 1.11022e-16 1
 206 0 5.55112e-17 1
 631 1.11022e-16 1 1.82146e-17
 1012 2.22045e-16 2.63678e-16 1
 28 1 0 6.93889e-17
 223 3.20924e-17 5.55112e-17 1
 163 0 9.93129e-17 1
 1045 1 1.11022e-16 4.16334e-17
 392 1 0 9.36751e-17
 853 5.55112e-17 5.55112e-17 1
 173 1 1.38778e-17 0
 169 1 2.77556e-17 1.38778e-17
 1185 6.93889e-18 4.16334e-17 1
 426 1 2.77556e-17 9.71445e-17
 1726 2.77556e-17 5.55112e-17 1
 41 1.11022e-16 0 1
 1154 0 0 1
 306 0 0 1
 83 0 1 2.77556e-17
 29 3.46945e-17 0 1
 47 1.97325e-17 0 1
 308 0 5.55112e-17 1
 633 1.12757e-16 0 1
 1520 5.55112e-17 4.85723e-17 1
 78 0 2.77556e-17 1
 566 6.50521e-18 2.77556e-17 1
 1565 1.11022e-16 1.38778e-16 1
 146 4.16334e-17 0 1
 58 0 1.11022e-16 1
 259 3.46945e-18 0 1
 173 0 0 1
 449 5.55112e-17 5.55112e-17 1
 111 0 6.93889e-18 1
 265 5.55112e-17 5.55112e-17 1
 631 5.55112e-17 0 1
 489 5.55112e-17 0 1
 123 2.77556e-17 2.77556e-17 1

/Goal/GoalMO.showColor = 0 1 0 1

--- NEW SESSION: 20/05/2024 16:03:23 ---
/Goal/GoalMO.position = 0 0 0
/Goal/GoalMO.showColor = 0 1 0 1
/Goal/GoalMO.showColor = 0 1 0 1
